\BOOKMARK [0][-]{chapter*.5}{\332vod}{}% 1
\BOOKMARK [0][-]{chapter.1}{C\355l pr\341ce}{}% 2
\BOOKMARK [1][-]{section.1.1}{Burza}{chapter.1}% 3
\BOOKMARK [1][-]{section.1.2}{Nov\351 technologie}{chapter.1}% 4
\BOOKMARK [1][-]{section.1.3}{Testov\341n\355 v\375konu}{chapter.1}% 5
\BOOKMARK [0][-]{chapter.2}{Anal\375za a n\341vrh}{}% 6
\BOOKMARK [1][-]{section.2.1}{Po\236adavky}{chapter.2}% 7
\BOOKMARK [1][-]{section.2.2}{Pou\236it\351 technologie}{chapter.2}% 8
\BOOKMARK [1][-]{section.2.3}{Koncept syst\351mu}{chapter.2}% 9
\BOOKMARK [1][-]{section.2.4}{\227k\341lovatelnost}{chapter.2}% 10
\BOOKMARK [0][-]{chapter.3}{Realizace}{}% 11
\BOOKMARK [1][-]{section.3.1}{Burza}{chapter.3}% 12
\BOOKMARK [1][-]{section.3.2}{Broker}{chapter.3}% 13
\BOOKMARK [1][-]{section.3.3}{Klient}{chapter.3}% 14
\BOOKMARK [1][-]{section.3.4}{Testovac\355 algoritmus}{chapter.3}% 15
\BOOKMARK [0][-]{chapter.4}{Testov\341n\355}{}% 16
\BOOKMARK [1][-]{section.4.1}{Testovac\355 prostred\355}{chapter.4}% 17
\BOOKMARK [1][-]{section.4.2}{Testovac\355 sc\351n\341r}{chapter.4}% 18
\BOOKMARK [1][-]{section.4.3}{V\375sledky meren\355}{chapter.4}% 19
\BOOKMARK [1][-]{section.4.4}{Z\341ver}{chapter.4}% 20
\BOOKMARK [0][-]{chapter*.6}{Z\341ver}{}% 21
\BOOKMARK [0][-]{appendix.A}{Seznam pou\236it\375ch zkratek}{}% 22
\BOOKMARK [0][-]{appendix.B}{Obsah prilo\236en\351ho CD}{}% 23
