This is pdfTeX, Version 3.1415926-2.5-1.40.14 (TeX Live 2013/Debian) (format=latex 2014.2.24)  6 APR 2014 19:32
entering extended mode
 restricted \write18 enabled.
 %&-line parsing enabled.
**dirtree.tex
(./dirtree.tex
LaTeX2e <2011/06/27>
Babel <3.9f> and hyphenation patterns for 2 languages loaded.
`dirtree' v0.31, 2012/11/02 (jcc)
\DT@offset=\dimen102
\DT@width=\dimen103
\DT@sep=\dimen104
\DT@all=\dimen105
\DT@rulewidth=\dimen106
\DT@dotwidth=\dimen107
\DTbaselineskip=\dimen108
\DT@counti=\count79
\DT@countii=\count80
\DT@countiii=\count81
\DT@countiv=\count82
\DT@indent=\dimen109
\DT@parskip=\dimen110
\DT@baselineskip=\dimen111
)
! Emergency stop.
<*> dirtree.tex
               
*** (job aborted, no legal \end found)

 
Here is how much of TeX's memory you used:
 37 strings out of 495032
 414 string characters out of 6181557
 45717 words of memory out of 5000000
 3344 multiletter control sequences out of 15000+600000
 3640 words of font info for 14 fonts, out of 8000000 for 9000
 14 hyphenation exceptions out of 8191
 5i,0n,8p,89b,8s stack positions out of 5000i,500n,10000p,200000b,80000s
No pages of output.
