\BOOKMARK [0][-]{chapter*.5}{\332vod}{}% 1
\BOOKMARK [0][-]{chapter.1}{C\355l pr\341ce}{}% 2
\BOOKMARK [1][-]{section.1.1}{Burza}{chapter.1}% 3
\BOOKMARK [1][-]{section.1.2}{Nov\351 technologie}{chapter.1}% 4
\BOOKMARK [1][-]{section.1.3}{Testov\341n\355 v\375konu}{chapter.1}% 5
\BOOKMARK [0][-]{chapter.2}{Anal\375za a n\341vrh}{}% 6
\BOOKMARK [1][-]{section.2.1}{Po\236adavky}{chapter.2}% 7
\BOOKMARK [1][-]{section.2.2}{Koncept syst\351mu}{chapter.2}% 8
\BOOKMARK [1][-]{section.2.3}{Pou\236it\351 technologie}{chapter.2}% 9
\BOOKMARK [1][-]{section.2.4}{Bezpecnost}{chapter.2}% 10
\BOOKMARK [1][-]{section.2.5}{\227k\341lovatelnost}{chapter.2}% 11
\BOOKMARK [0][-]{chapter.3}{Realizace}{}% 12
\BOOKMARK [1][-]{section.3.1}{Klient}{chapter.3}% 13
\BOOKMARK [1][-]{section.3.2}{Broker}{chapter.3}% 14
\BOOKMARK [1][-]{section.3.3}{Burza}{chapter.3}% 15
\BOOKMARK [0][-]{chapter.4}{Testov\341n\355}{}% 16
\BOOKMARK [1][-]{section.4.1}{Testov\341n\355 k\363du}{chapter.4}% 17
\BOOKMARK [1][-]{section.4.2}{Z\341te\236ov\351 testy}{chapter.4}% 18
\BOOKMARK [0][-]{chapter.5}{Deployment}{}% 19
\BOOKMARK [1][-]{section.5.1}{Spr\341va k\363du}{chapter.5}% 20
\BOOKMARK [1][-]{section.5.2}{Nasazen\355 na serveru}{chapter.5}% 21
\BOOKMARK [0][-]{chapter.6}{Monitoring}{}% 22
\BOOKMARK [1][-]{section.6.1}{Monitorov\341n\355 serveru}{chapter.6}% 23
\BOOKMARK [1][-]{section.6.2}{Debugging be\236\355c\355ho serveru}{chapter.6}% 24
\BOOKMARK [0][-]{chapter.7}{\227k\341lov\341n\355}{}% 25
\BOOKMARK [0][-]{chapter*.6}{Z\341ver}{}% 26
\BOOKMARK [0][-]{appendix.A}{Seznam pou\236it\375ch zkratek}{}% 27
\BOOKMARK [0][-]{appendix.B}{Obsah prilo\236en\351ho CD}{}% 28
